<?xml version="1.0" encoding="UTF-8" ?>
<testsuite errors="0" failures="0" hostname="EPUADNIW0013" name="TestMain" skipped="0" tests="1" time="0.072" timestamp="2016-08-19T14:57:05">
  <properties>
    <property name="file.encoding.pkg" value="sun.io" />
    <property name="ivy.retrieve.pattern.ivy.instance" value="D:\WebApp/lib/[artifact]-[revision](-[classifier]).[ext]" />
    <property name="java.vendor.url.ivy.instance" value="http://java.oracle.com/" />
    <property name="ivy.local.default.ivy.pattern.ivy.instance" value="[organisation]/[module]/[revision]/[type]s/[artifact].[ext]" />
    <property name="ivy.project.dir.ivy.instance" value="D:\WebApp" />
    <property name="ivy.resolve.default.type.filter" value="*" />
    <property name="java.home" value="C:\Program Files\Java\jdk1.8.0_102\jre" />
    <property name="ivy.configurations.ivy.instance" value="*" />
    <property name="test.src.dir" value="D:\WebApp\src\test\java" />
    <property name="ivy.basedir.ivy.instance" value="D:\WebApp" />
    <property name="ivy.dep.file.ivy.instance" value="ivy.xml" />
    <property name="ant.file.WebApp" value="D:\WebApp\build.xml" />
    <property name="java.endorsed.dirs" value="C:\Program Files\Java\jdk1.8.0_102\jre\lib\endorsed" />
    <property name="java.class.path.ivy.instance" value="D:\ApacheBuilders\apache-ant-1.9.4\bin\..\lib\ant-launcher.jar;D:\ApacheBuilders\apache-ant-1.9.4\lib\ant-antlr.jar;D:\ApacheBuilders\apache-ant-1.9.4\lib\ant-apache-bcel.jar;D:\ApacheBuilders\apache-ant-1.9.4\lib\ant-apache-bsf.jar;D:\ApacheBuilders\apache-ant-1.9.4\lib\ant-apache-log4j.jar;D:\ApacheBuilders\apache-ant-1.9.4\lib\ant-apache-oro.jar;D:\ApacheBuilders\apache-ant-1.9.4\lib\ant-apache-regexp.jar;D:\ApacheBuilders\apache-ant-1.9.4\lib\ant-apache-resolver.jar;D:\ApacheBuilders\apache-ant-1.9.4\lib\ant-apache-xalan2.jar;D:\ApacheBuilders\apache-ant-1.9.4\lib\ant-commons-logging.jar;D:\ApacheBuilders\apache-ant-1.9.4\lib\ant-commons-net.jar;D:\ApacheBuilders\apache-ant-1.9.4\lib\ant-jai.jar;D:\ApacheBuilders\apache-ant-1.9.4\lib\ant-javamail.jar;D:\ApacheBuilders\apache-ant-1.9.4\lib\ant-jdepend.jar;D:\ApacheBuilders\apache-ant-1.9.4\lib\ant-jmf.jar;D:\ApacheBuilders\apache-ant-1.9.4\lib\ant-jsch.jar;D:\ApacheBuilders\apache-ant-1.9.4\lib\ant-junit.jar;D:\ApacheBuilders\apache-ant-1.9.4\lib\ant-junit4.jar;D:\ApacheBuilders\apache-ant-1.9.4\lib\ant-launcher.jar;D:\ApacheBuilders\apache-ant-1.9.4\lib\ant-netrexx.jar;D:\ApacheBuilders\apache-ant-1.9.4\lib\ant-swing.jar;D:\ApacheBuilders\apache-ant-1.9.4\lib\ant-testutil.jar;D:\ApacheBuilders\apache-ant-1.9.4\lib\ant.jar;D:\ApacheBuilders\apache-ant-1.9.4\lib\ivy-2.4.0.jar;C:\Program Files\Java\jdk1.8.0_102\lib\tools.jar" />
    <property name="ivy.home" value="C:\Users\Oleg_Gondar\.ivy2" />
    <property name="src.dir" value="D:\WebApp\src\main\java" />
    <property name="java.vm.specification.vendor.ivy.instance" value="Oracle Corporation" />
    <property name="sun.os.patch.level" value="" />
    <property name="ivy.dep.file" value="ivy.xml" />
    <property name="java.vendor.url" value="http://java.oracle.com/" />
    <property name="ivy.local.default.artifact.pattern.ivy.instance" value="[organisation]/[module]/[revision]/[type]s/[artifact].[ext]" />
    <property name="ivy.lib.dir.ivy.instance" value="D:\WebApp/lib" />
    <property name="java.version" value="1.8.0_102" />
    <property name="sun.stdout.encoding" value="cp866" />
    <property name="ivy.conf.dir.ivy.instance" value="jar:file:/D:/ApacheBuilders/apache-ant-1.9.4/lib/ivy-2.4.0.jar!/org/apache/ivy/core/settings" />
    <property name="sun.boot.library.path.ivy.instance" value="C:\Program Files\Java\jdk1.8.0_102\jre\bin" />
    <property name="ivy.report.output.pattern.ivy.instance" value="[organisation]-[module]-[conf].[ext]" />
    <property name="ivy.module" value="WebApp" />
    <property name="ivy.publish.src.artifacts.pattern.ivy.instance" value="D:\WebApp/distrib/[type]s/[artifact]-[revision](-[classifier]).[ext]" />
    <property name="ant.file.type.WebApp" value="file" />
    <property name="java.vendor.url.bug" value="http://bugreport.sun.com/bugreport/" />
    <property name="sun.management.compiler.ivy.instance" value="HotSpot 64-Bit Tiered Compilers" />
    <property name="ant.project.invoked-targets" value="build" />
    <property name="ivy.local.default.artifact.pattern" value="[organisation]/[module]/[revision]/[type]s/[artifact].[ext]" />
    <property name="os.name.ivy.instance" value="Windows 10" />
    <property name="ivy.default.ivy.user.dir.ivy.instance" value="C:\Users\Oleg_Gondar\.ivy2" />
    <property name="ivy.default.always.check.exact.revision" value="false" />
    <property name="ivy.default.settings.dir.ivy.instance" value="jar:file:/D:/ApacheBuilders/apache-ant-1.9.4/lib/ivy-2.4.0.jar!/org/apache/ivy/core/settings" />
    <property name="user.name" value="Oleg_Gondar" />
    <property name="sun.io.unicode.encoding" value="UnicodeLittle" />
    <property name="ivy.shared.default.root.ivy.instance" value="C:\Users\Oleg_Gondar\.ivy2/shared" />
    <property name="sun.jnu.encoding" value="Cp1251" />
    <property name="java.runtime.name" value="Java(TM) SE Runtime Environment" />
    <property name="ant.home.ivy.instance" value="D:\ApacheBuilders\apache-ant-1.9.4\bin\.." />
    <property name="file.encoding.ivy.instance" value="Cp1251" />
    <property name="ivy.cache.ttl.default.ivy.instance" value="10s" />
    <property name="java.specification.vendor.ivy.instance" value="Oracle Corporation" />
    <property name="java.vendor.ivy.instance" value="Oracle Corporation" />
    <property name="sun.cpu.isalist.ivy.instance" value="amd64" />
    <property name="java.specification.name" value="Java Platform API Specification" />
    <property name="user.timezone" value="" />
    <property name="java.endorsed.dirs.ivy.instance" value="C:\Program Files\Java\jdk1.8.0_102\jre\lib\endorsed" />
    <property name="user.script" value="" />
    <property name="path.separator" value=";" />
    <property name="java.class.version.ivy.instance" value="52.0" />
    <property name="ivy.default.conf.dir" value="jar:file:/D:/ApacheBuilders/apache-ant-1.9.4/lib/ivy-2.4.0.jar!/org/apache/ivy/core/settings" />
    <property name="file.encoding" value="Cp1251" />
    <property name="java.runtime.name.ivy.instance" value="Java(TM) SE Runtime Environment" />
    <property name="ivy.resolve.default.type.filter.ivy.instance" value="*" />
    <property name="ant.project.default-target" value="main" />
    <property name="ivy.parents.count" value="0" />
    <property name="sun.java.command" value="org.apache.tools.ant.taskdefs.optional.junit.JUnitTestRunner TestMain skipNonTests=false filtertrace=true haltOnError=false haltOnFailure=true formatter=org.apache.tools.ant.taskdefs.optional.junit.SummaryJUnitResultFormatter showoutput=false outputtoformatters=true logfailedtests=true threadid=0 logtestlistenerevents=false formatter=org.apache.tools.ant.taskdefs.optional.junit.XMLJUnitResultFormatter,D:\WebApp\build\test-reports\TEST-TestMain.xml crashfile=D:\WebApp\junitvmwatcher817858249274205907.properties propsfile=D:\WebApp\junit2868719966176713270.properties" />
    <property name="ivy.shared.default.artifact.pattern" value="[organisation]/[module]/[revision]/[type]s/[artifact].[ext]" />
    <property name="ant.file" value="D:\WebApp\build.xml" />
    <property name="ivy.distrib.dir.ivy.instance" value="D:\WebApp/distrib" />
    <property name="ivy.checksums.ivy.instance" value="sha1,md5" />
    <property name="sun.arch.data.model.ivy.instance" value="64" />
    <property name="ivy.build.artifacts.dir.ivy.instance" value="D:\WebApp/build/artifacts" />
    <property name="user.variant.ivy.instance" value="" />
    <property name="ivy.settings.file" value="ivysettings.xml" />
    <property name="java.io.tmpdir" value="C:\Users\OLEG_G~1\AppData\Local\Temp\" />
    <property name="ivy.buildlist.ivyfilepath.ivy.instance" value="ivy.xml" />
    <property name="ivy.cache.ttl.default" value="10s" />
    <property name="user.language" value="en" />
    <property name="user.dir.ivy.instance" value="D:\WebApp" />
    <property name="ivy.home.ivy.instance" value="C:\Users\Oleg_Gondar\.ivy2" />
    <property name="line.separator" value="&#xd;&#xa;" />
    <property name="java.specification.version.ivy.instance" value="1.8" />
    <property name="ant.file.type" value="file" />
    <property name="ivy.build.artifacts.dir" value="D:\WebApp/build/artifacts" />
    <property name="ivy.settings.dir.url" value="jar:file:/D:/ApacheBuilders/apache-ant-1.9.4/lib/ivy-2.4.0.jar!/org/apache/ivy/core/settings" />
    <property name="sun.io.unicode.encoding.ivy.instance" value="UnicodeLittle" />
    <property name="ivy.status" value="integration" />
    <property name="java.vm.info" value="mixed mode" />
    <property name="ivy.lib.dir" value="D:\WebApp/lib" />
    <property name="sun.desktop" value="windows" />
    <property name="java.vm.specification.name" value="Java Virtual Machine Specification" />
    <property name="ivy.default.conf.dir.ivy.instance" value="jar:file:/D:/ApacheBuilders/apache-ant-1.9.4/lib/ivy-2.4.0.jar!/org/apache/ivy/core/settings" />
    <property name="java.vm.version.ivy.instance" value="25.102-b14" />
    <property name="test.classes.dir" value="D:\WebApp\build\test-classes" />
    <property name="user.name.ivy.instance" value="Oleg_Gondar" />
    <property name="ivy.cache.dir" value="C:\Users\Oleg_Gondar\.ivy2\cache" />
    <property name="java.awt.printerjob" value="sun.awt.windows.WPrinterJob" />
    <property name="test.reports.dir" value="D:\WebApp\build\test-reports" />
    <property name="java.io.tmpdir.ivy.instance" value="C:\Users\OLEG_G~1\AppData\Local\Temp\" />
    <property name="ant.version" value="Apache Ant(TM) version 1.9.4 compiled on April 29 2014" />
    <property name="java.home.ivy.instance" value="C:\Program Files\Java\jdk1.8.0_102\jre" />
    <property name="java.vm.vendor.ivy.instance" value="Oracle Corporation" />
    <property name="user.script.ivy.instance" value="" />
    <property name="ivy.default.settings.dir" value="jar:file:/D:/ApacheBuilders/apache-ant-1.9.4/lib/ivy-2.4.0.jar!/org/apache/ivy/core/settings" />
    <property name="ivy.configurations" value="*" />
    <property name="ivy.settings.url" value="jar:file:/D:/ApacheBuilders/apache-ant-1.9.4/lib/ivy-2.4.0.jar!/org/apache/ivy/core/settings/ivysettings.xml" />
    <property name="os.name" value="Windows 10" />
    <property name="java.specification.vendor" value="Oracle Corporation" />
    <property name="sun.jnu.encoding.ivy.instance" value="Cp1251" />
    <property name="ivy.deliver.ivy.pattern.ivy.instance" value="D:\WebApp/distrib/[type]s/[artifact]-[revision](-[classifier]).[ext]" />
    <property name="ivy.checksums" value="sha1,md5" />
    <property name="java.vm.name" value="Java HotSpot(TM) 64-Bit Server VM" />
    <property name="ivy.log.modules.in.use" value="false" />
    <property name="java.runtime.version.ivy.instance" value="1.8.0_102-b14" />
    <property name="ivy.report.output.pattern" value="[organisation]-[module]-[conf].[ext]" />
    <property name="ivy.version" value="2.4.0" />
    <property name="java.library.path" value="C:\Program Files\Java\jdk1.8.0_102\jre\bin;C:\WINDOWS\Sun\Java\bin;C:\WINDOWS\system32;C:\WINDOWS;C:\ProgramData\Oracle\Java\javapath;C:\WINDOWS\system32;C:\WINDOWS;C:\WINDOWS\System32\Wbem;C:\WINDOWS\System32\WindowsPowerShell\v1.0\;C:\Program Files\TortoiseSVN\bin;C:\Program Files (x86)\Skype\Phone\;C:\Program Files\Git\cmd;C:\Program Files\nodejs\;D:\ApacheBuilders\apache-ant-1.9.4\bin\;D:\ApacheBuilders\apache-maven-3.3.9\bin\;D:\ApacheBuilders\gradle-3.0\bin\;." />
    <property name="ivy.conf.url" value="jar:file:/D:/ApacheBuilders/apache-ant-1.9.4/lib/ivy-2.4.0.jar!/org/apache/ivy/core/settings/ivysettings.xml" />
    <property name="java.vm.name.ivy.instance" value="Java HotSpot(TM) 64-Bit Server VM" />
    <property name="os.version.ivy.instance" value="10.0" />
    <property name="line.separator.ivy.instance" value="&#xd;&#xa;" />
    <property name="ant.java.version" value="1.8" />
    <property name="sun.desktop.ivy.instance" value="windows" />
    <property name="sun.cpu.endian.ivy.instance" value="little" />
    <property name="java.vm.specification.name.ivy.instance" value="Java Virtual Machine Specification" />
    <property name="basedir" value="D:\WebApp" />
    <property name="java.class.version" value="52.0" />
    <property name="ivy.settings.url.ivy.instance" value="jar:file:/D:/ApacheBuilders/apache-ant-1.9.4/lib/ivy-2.4.0.jar!/org/apache/ivy/core/settings/ivysettings.xml" />
    <property name="path.separator.ivy.instance" value=";" />
    <property name="sun.boot.class.path.ivy.instance" value="C:\Program Files\Java\jdk1.8.0_102\jre\lib\resources.jar;C:\Program Files\Java\jdk1.8.0_102\jre\lib\rt.jar;C:\Program Files\Java\jdk1.8.0_102\jre\lib\sunrsasign.jar;C:\Program Files\Java\jdk1.8.0_102\jre\lib\jsse.jar;C:\Program Files\Java\jdk1.8.0_102\jre\lib\jce.jar;C:\Program Files\Java\jdk1.8.0_102\jre\lib\charsets.jar;C:\Program Files\Java\jdk1.8.0_102\jre\lib\jfr.jar;C:\Program Files\Java\jdk1.8.0_102\jre\classes" />
    <property name="ant.home" value="D:\ApacheBuilders\apache-ant-1.9.4\bin\.." />
    <property name="ivy.resolved.configurations" value="compile, runtime, test" />
    <property name="ivy.deliver.ivy.pattern" value="D:\WebApp/distrib/[type]s/[artifact]-[revision](-[classifier]).[ext]" />
    <property name="war.file" value="D:\WebApp\build\dist/WebApp.war" />
    <property name="sun.boot.library.path" value="C:\Program Files\Java\jdk1.8.0_102\jre\bin" />
    <property name="build.dir" value="D:\WebApp\build" />
    <property name="ivy.default.always.check.exact.revision.ivy.instance" value="false" />
    <property name="java.library.path.ivy.instance" value="C:\Program Files\Java\jdk1.8.0_102\bin;C:\WINDOWS\Sun\Java\bin;C:\WINDOWS\system32;C:\WINDOWS;C:\ProgramData\Oracle\Java\javapath;C:\WINDOWS\system32;C:\WINDOWS;C:\WINDOWS\System32\Wbem;C:\WINDOWS\System32\WindowsPowerShell\v1.0\;C:\Program Files\TortoiseSVN\bin;C:\Program Files (x86)\Skype\Phone\;C:\Program Files\Git\cmd;C:\Program Files\nodejs\;D:\ApacheBuilders\apache-ant-1.9.4\bin\;D:\ApacheBuilders\apache-maven-3.3.9\bin\;D:\ApacheBuilders\gradle-3.0\bin\;." />
    <property name="awt.toolkit.ivy.instance" value="sun.awt.windows.WToolkit" />
    <property name="ivy.basedir" value="D:\WebApp" />
    <property name="sun.management.compiler" value="HotSpot 64-Bit Tiered Compilers" />
    <property name="java.ext.dirs.ivy.instance" value="C:\Program Files\Java\jdk1.8.0_102\jre\lib\ext;C:\WINDOWS\Sun\Java\lib\ext" />
    <property name="java.awt.graphicsenv" value="sun.awt.Win32GraphicsEnvironment" />
    <property name="user.variant" value="" />
    <property name="ivy.log.modules.in.use.ivy.instance" value="false" />
    <property name="ivy.settings.dir.url.ivy.instance" value="jar:file:/D:/ApacheBuilders/apache-ant-1.9.4/lib/ivy-2.4.0.jar!/org/apache/ivy/core/settings" />
    <property name="sun.os.patch.level.ivy.instance" value="" />
    <property name="file.encoding.pkg.ivy.instance" value="sun.io" />
    <property name="ivy.shared.default.ivy.pattern" value="[organisation]/[module]/[revision]/[type]s/[artifact].[ext]" />
    <property name="ivy.resolver.default.check.modified" value="false" />
    <property name="ivy.settings.file.ivy.instance" value="ivysettings.xml" />
    <property name="ant.project.name" value="WebApp" />
    <property name="ivy.cache.dir.ivy.instance" value="C:\Users\Oleg_Gondar\.ivy2\cache" />
    <property name="java.vm.specification.version" value="1.8" />
    <property name="resources.dir" value="D:\WebApp\src\main\resources" />
    <property name="ivy.status.ivy.instance" value="integration" />
    <property name="awt.toolkit" value="sun.awt.windows.WToolkit" />
    <property name="sun.cpu.isalist" value="amd64" />
    <property name="sun.stderr.encoding" value="cp866" />
    <property name="file.separator.ivy.instance" value="\" />
    <property name="ivy.local.default.root.ivy.instance" value="C:\Users\Oleg_Gondar\.ivy2/local" />
    <property name="ivy.deps.changed" value="false" />
    <property name="java.ext.dirs" value="C:\Program Files\Java\jdk1.8.0_102\jre\lib\ext;C:\WINDOWS\Sun\Java\lib\ext" />
    <property name="os.version" value="10.0" />
    <property name="user.home" value="C:\Users\Oleg_Gondar" />
    <property name="sun.java.launcher.ivy.instance" value="SUN_STANDARD" />
    <property name="java.vm.vendor" value="Oracle Corporation" />
    <property name="jar.file" value="D:\WebApp\build\dist/WebApp.jar" />
    <property name="ivy.local.default.root" value="C:\Users\Oleg_Gondar\.ivy2/local" />
    <property name="ivy.organisation" value="org.apache" />
    <property name="user.dir" value="D:\WebApp" />
    <property name="ant.library.dir.ivy.instance" value="D:\ApacheBuilders\apache-ant-1.9.4\lib" />
    <property name="ivy.local.default.ivy.pattern" value="[organisation]/[module]/[revision]/[type]s/[artifact].[ext]" />
    <property name="ivy.shared.default.ivy.pattern.ivy.instance" value="[organisation]/[module]/[revision]/[type]s/[artifact].[ext]" />
    <property name="ivy.publish.src.artifacts.pattern" value="D:\WebApp/distrib/[type]s/[artifact]-[revision](-[classifier]).[ext]" />
    <property name="java.vm.info.ivy.instance" value="mixed mode" />
    <property name="sun.java.command.ivy.instance" value="org.apache.tools.ant.launch.Launcher build" />
    <property name="ivy.distrib.dir" value="D:\WebApp/distrib" />
    <property name="sun.cpu.endian" value="little" />
    <property name="ivy.revision" value="working@EPUADNIW0013" />
    <property name="user.timezone.ivy.instance" value="Europe/Helsinki" />
    <property name="java.vm.version" value="25.102-b14" />
    <property name="sun.stderr.encoding.ivy.instance" value="cp866" />
    <property name="java.class.path" value="C:\Users\Oleg_Gondar\.ivy2\cache\javax.servlet\servlet-api\sources\servlet-api-3.0-alpha-1-sources.jar;C:\Users\Oleg_Gondar\.ivy2\cache\javax.servlet\servlet-api\javadocs\servlet-api-3.0-alpha-1-javadoc.jar;C:\Users\Oleg_Gondar\.ivy2\cache\javax.servlet\servlet-api\jars\servlet-api-3.0-alpha-1.jar;C:\Users\Oleg_Gondar\.ivy2\cache\junit\junit\jars\junit-4.12.jar;C:\Users\Oleg_Gondar\.ivy2\cache\org.hamcrest\hamcrest-core\jars\hamcrest-core-1.3.jar;D:\WebApp\build\classes;D:\WebApp\build\test-classes;D:\ApacheBuilders\apache-ant-1.9.4\lib\ant-launcher.jar;D:\ApacheBuilders\apache-ant-1.9.4\lib\ant.jar;D:\ApacheBuilders\apache-ant-1.9.4\lib\ant-junit.jar;D:\ApacheBuilders\apache-ant-1.9.4\lib\ant-junit4.jar" />
    <property name="ivy.default.ivy.user.dir" value="C:\Users\Oleg_Gondar\.ivy2" />
    <property name="user.home.ivy.instance" value="C:\Users\Oleg_Gondar" />
    <property name="jar.main.class" value="Main" />
    <property name="basedir.ivy.instance" value="D:\WebApp" />
    <property name="ant.library.dir" value="D:\ApacheBuilders\apache-ant-1.9.4\lib" />
    <property name="os.arch" value="amd64" />
    <property name="java.awt.graphicsenv.ivy.instance" value="sun.awt.Win32GraphicsEnvironment" />
    <property name="java.vendor.url.bug.ivy.instance" value="http://bugreport.sun.com/bugreport/" />
    <property name="java.vm.specification.version.ivy.instance" value="1.8" />
    <property name="dist.dir" value="D:\WebApp\build\dist" />
    <property name="sun.java.launcher" value="SUN_STANDARD" />
    <property name="classes.dir" value="D:\WebApp\build\classes" />
    <property name="java.awt.printerjob.ivy.instance" value="sun.awt.windows.WPrinterJob" />
    <property name="ivy.settings.dir.ivy.instance" value="jar:file:/D:/ApacheBuilders/apache-ant-1.9.4/lib/ivy-2.4.0.jar!/org/apache/ivy/core/settings" />
    <property name="ivy.resolver.default.check.modified.ivy.instance" value="false" />
    <property name="ant.core.lib" value="D:\ApacheBuilders\apache-ant-1.9.4\lib\ant.jar" />
    <property name="ivy.settings.dir" value="jar:file:/D:/ApacheBuilders/apache-ant-1.9.4/lib/ivy-2.4.0.jar!/org/apache/ivy/core/settings" />
    <property name="java.vm.specification.vendor" value="Oracle Corporation" />
    <property name="user.language.ivy.instance" value="en" />
    <property name="file.separator" value="\" />
    <property name="user.country.ivy.instance" value="US" />
    <property name="ivy.shared.default.artifact.pattern.ivy.instance" value="[organisation]/[module]/[revision]/[type]s/[artifact].[ext]" />
    <property name="ivy.conf.url.ivy.instance" value="jar:file:/D:/ApacheBuilders/apache-ant-1.9.4/lib/ivy-2.4.0.jar!/org/apache/ivy/core/settings/ivysettings.xml" />
    <property name="java.runtime.version" value="1.8.0_102-b14" />
    <property name="java.specification.name.ivy.instance" value="Java Platform API Specification" />
    <property name="sun.boot.class.path" value="C:\Program Files\Java\jdk1.8.0_102\jre\lib\resources.jar;C:\Program Files\Java\jdk1.8.0_102\jre\lib\rt.jar;C:\Program Files\Java\jdk1.8.0_102\jre\lib\sunrsasign.jar;C:\Program Files\Java\jdk1.8.0_102\jre\lib\jsse.jar;C:\Program Files\Java\jdk1.8.0_102\jre\lib\jce.jar;C:\Program Files\Java\jdk1.8.0_102\jre\lib\charsets.jar;C:\Program Files\Java\jdk1.8.0_102\jre\lib\jfr.jar;C:\Program Files\Java\jdk1.8.0_102\jre\classes" />
    <property name="ivy.installed" value="true" />
    <property name="ivy.conf.dir" value="jar:file:/D:/ApacheBuilders/apache-ant-1.9.4/lib/ivy-2.4.0.jar!/org/apache/ivy/core/settings" />
    <property name="ivy.retrieve.pattern" value="D:\WebApp/lib/[artifact]-[revision](-[classifier]).[ext]" />
    <property name="user.country" value="US" />
    <property name="ivy.shared.default.root" value="C:\Users\Oleg_Gondar\.ivy2/shared" />
    <property name="java.version.ivy.instance" value="1.8.0_102" />
    <property name="ivy.resolved.file" value="D:\WebApp\ivy.xml" />
    <property name="sun.stdout.encoding.ivy.instance" value="cp866" />
    <property name="os.arch.ivy.instance" value="amd64" />
    <property name="java.vendor" value="Oracle Corporation" />
    <property name="web.dir" value="D:\WebApp\src\main\webapp" />
    <property name="ivy.project.dir" value="D:\WebApp" />
    <property name="ivy.reports.dir" value="D:\WebApp\build\ivy-reports" />
    <property name="java.specification.version" value="1.8" />
    <property name="sun.arch.data.model" value="64" />
    <property name="ivy.buildlist.ivyfilepath" value="ivy.xml" />
  </properties>
  <testcase classname="TestMain" name="checkAlwaysTrueFunction" time="0.001" />
  <system-out><![CDATA[]]></system-out>
  <system-err><![CDATA[]]></system-err>
</testsuite>
